<?xml version="1.0" encoding="UTF-8"?>
<testng-results ignored="0" total="2" passed="2" failed="0" skipped="0">
  <reporter-output>
  </reporter-output>
  <suite started-at="2025-01-04T11:05:26 IST" name="Surefire suite" finished-at="2025-01-04T11:06:43 IST" duration-ms="77573">
    <groups>
    </groups>
    <test started-at="2025-01-04T11:05:26 IST" name="Surefire test" finished-at="2025-01-04T11:06:43 IST" duration-ms="77573">
      <class name="com.ShoppersStack.TestScripts.Tc_002_Verify_User_Is_Able_To_Delete_Address_Or_Not_Test">
        <test-method is-config="true" signature="beforeClass()[pri:0, instance:com.ShoppersStack.TestScripts.Tc_002_Verify_User_Is_Able_To_Delete_Address_Or_Not_Test@3eb7fc54]" started-at="2025-01-04T11:06:13 IST" name="beforeClass" finished-at="2025-01-04T11:06:17 IST" duration-ms="3321" status="PASS">
          <reporter-output>
          </reporter-output>
        </test-method> <!-- beforeClass -->
        <test-method is-config="true" signature="beforeMethod()[pri:0, instance:com.ShoppersStack.TestScripts.Tc_002_Verify_User_Is_Able_To_Delete_Address_Or_Not_Test@3eb7fc54]" started-at="2025-01-04T11:06:17 IST" name="beforeMethod" finished-at="2025-01-04T11:06:27 IST" duration-ms="10854" status="PASS">
          <reporter-output>
          </reporter-output>
        </test-method> <!-- beforeMethod -->
        <test-method signature="deleteAddress()[pri:0, instance:com.ShoppersStack.TestScripts.Tc_002_Verify_User_Is_Able_To_Delete_Address_Or_Not_Test@3eb7fc54]" started-at="2025-01-04T11:06:27 IST" name="deleteAddress" finished-at="2025-01-04T11:06:38 IST" duration-ms="10217" status="PASS">
          <reporter-output>
          </reporter-output>
        </test-method> <!-- deleteAddress -->
        <test-method is-config="true" signature="afterMethod()[pri:0, instance:com.ShoppersStack.TestScripts.Tc_002_Verify_User_Is_Able_To_Delete_Address_Or_Not_Test@3eb7fc54]" started-at="2025-01-04T11:06:38 IST" name="afterMethod" finished-at="2025-01-04T11:06:38 IST" duration-ms="574" status="PASS">
          <reporter-output>
          </reporter-output>
        </test-method> <!-- afterMethod -->
        <test-method is-config="true" signature="afterClass()[pri:0, instance:com.ShoppersStack.TestScripts.Tc_002_Verify_User_Is_Able_To_Delete_Address_Or_Not_Test@3eb7fc54]" started-at="2025-01-04T11:06:38 IST" name="afterClass" finished-at="2025-01-04T11:06:43 IST" duration-ms="4600" status="PASS">
          <reporter-output>
          </reporter-output>
        </test-method> <!-- afterClass -->
      </class> <!-- com.ShoppersStack.TestScripts.Tc_002_Verify_User_Is_Able_To_Delete_Address_Or_Not_Test -->
      <class name="com.ShoppersStack.TestScripts.Tc_001_Verify_User_Is_Able_To_Add_Address_Or_Not_Test">
        <test-method is-config="true" signature="beforeSuite()[pri:0, instance:com.ShoppersStack.TestScripts.Tc_001_Verify_User_Is_Able_To_Add_Address_Or_Not_Test@78e117e3]" started-at="2025-01-04T11:05:26 IST" name="beforeSuite" finished-at="2025-01-04T11:05:26 IST" duration-ms="17" status="PASS">
          <reporter-output>
          </reporter-output>
        </test-method> <!-- beforeSuite -->
        <test-method is-config="true" signature="beforeTest()[pri:0, instance:com.ShoppersStack.TestScripts.Tc_001_Verify_User_Is_Able_To_Add_Address_Or_Not_Test@78e117e3]" started-at="2025-01-04T11:05:26 IST" name="beforeTest" finished-at="2025-01-04T11:05:26 IST" duration-ms="202" status="PASS">
          <reporter-output>
          </reporter-output>
        </test-method> <!-- beforeTest -->
        <test-method is-config="true" signature="beforeClass()[pri:0, instance:com.ShoppersStack.TestScripts.Tc_001_Verify_User_Is_Able_To_Add_Address_Or_Not_Test@78e117e3]" started-at="2025-01-04T11:05:26 IST" name="beforeClass" finished-at="2025-01-04T11:05:35 IST" duration-ms="8484" status="PASS">
          <reporter-output>
          </reporter-output>
        </test-method> <!-- beforeClass -->
        <test-method is-config="true" signature="beforeMethod()[pri:0, instance:com.ShoppersStack.TestScripts.Tc_001_Verify_User_Is_Able_To_Add_Address_Or_Not_Test@78e117e3]" started-at="2025-01-04T11:05:35 IST" name="beforeMethod" finished-at="2025-01-04T11:05:47 IST" duration-ms="12499" status="PASS">
          <reporter-output>
          </reporter-output>
        </test-method> <!-- beforeMethod -->
        <test-method signature="addAddress()[pri:0, instance:com.ShoppersStack.TestScripts.Tc_001_Verify_User_Is_Able_To_Add_Address_Or_Not_Test@78e117e3]" started-at="2025-01-04T11:05:47 IST" name="addAddress" finished-at="2025-01-04T11:06:08 IST" duration-ms="21257" status="PASS">
          <reporter-output>
          </reporter-output>
        </test-method> <!-- addAddress -->
        <test-method is-config="true" signature="afterMethod()[pri:0, instance:com.ShoppersStack.TestScripts.Tc_001_Verify_User_Is_Able_To_Add_Address_Or_Not_Test@78e117e3]" started-at="2025-01-04T11:06:08 IST" name="afterMethod" finished-at="2025-01-04T11:06:09 IST" duration-ms="495" status="PASS">
          <reporter-output>
          </reporter-output>
        </test-method> <!-- afterMethod -->
        <test-method is-config="true" signature="afterClass()[pri:0, instance:com.ShoppersStack.TestScripts.Tc_001_Verify_User_Is_Able_To_Add_Address_Or_Not_Test@78e117e3]" started-at="2025-01-04T11:06:09 IST" name="afterClass" finished-at="2025-01-04T11:06:13 IST" duration-ms="4517" status="PASS">
          <reporter-output>
          </reporter-output>
        </test-method> <!-- afterClass -->
        <test-method is-config="true" signature="afterTest()[pri:0, instance:com.ShoppersStack.TestScripts.Tc_001_Verify_User_Is_Able_To_Add_Address_Or_Not_Test@78e117e3]" started-at="2025-01-04T11:06:43 IST" name="afterTest" finished-at="2025-01-04T11:06:43 IST" duration-ms="488" status="PASS">
          <reporter-output>
          </reporter-output>
        </test-method> <!-- afterTest -->
        <test-method is-config="true" signature="afterSuite()[pri:0, instance:com.ShoppersStack.TestScripts.Tc_001_Verify_User_Is_Able_To_Add_Address_Or_Not_Test@78e117e3]" started-at="2025-01-04T11:06:43 IST" name="afterSuite" finished-at="2025-01-04T11:06:43 IST" duration-ms="2" status="PASS">
          <reporter-output>
          </reporter-output>
        </test-method> <!-- afterSuite -->
      </class> <!-- com.ShoppersStack.TestScripts.Tc_001_Verify_User_Is_Able_To_Add_Address_Or_Not_Test -->
    </test> <!-- Surefire test -->
  </suite> <!-- Surefire suite -->
</testng-results>
