<?xml version="1.0" encoding="UTF-8"?>
<!-- Generated by org.testng.reporters.JUnitXMLReporter -->
<testsuite ignored="4" hostname="DESKTOP-AB6BR8M" failures="0" tests="2" name="Surefire test" time="77.573" errors="0" timestamp="2025-01-04T11:06:43 IST">
  <testcase classname="com.ShoppersStack.TestScripts.Tc_001_Verify_User_Is_Able_To_Add_Address_Or_Not_Test" name="addAddress" time="21.257"/>
  <testcase classname="com.ShoppersStack.TestScripts.Tc_002_Verify_User_Is_Able_To_Delete_Address_Or_Not_Test" name="deleteAddress" time="10.217"/>
  <testcase classname="com.ShoppersStack.GenericUtility.BaseTest" name="@BeforeTest beforeTest" time="0.0">
    <ignored/>
  </testcase> <!-- @BeforeTest beforeTest -->
  <testcase classname="com.ShoppersStack.GenericUtility.BaseTest" name="@AfterSuite afterSuite" time="0.0">
    <ignored/>
  </testcase> <!-- @AfterSuite afterSuite -->
  <testcase classname="com.ShoppersStack.GenericUtility.BaseTest" name="@BeforeSuite beforeSuite" time="0.0">
    <ignored/>
  </testcase> <!-- @BeforeSuite beforeSuite -->
  <testcase classname="com.ShoppersStack.GenericUtility.BaseTest" name="@AfterTest afterTest" time="0.0">
    <ignored/>
  </testcase> <!-- @AfterTest afterTest -->
</testsuite> <!-- Surefire test -->
